Total training examples: 2002
tensor(0.6517, device='cuda:0')
tensor(0.0697, device='cuda:0', grad_fn=<MulBackward0>)
tensor(0.0014, device='cuda:0', grad_fn=<MeanBackward0>)
tensor(1.5545, device='cuda:0', grad_fn=<MulBackward0>)
tensor(0.7477, device='cuda:0', grad_fn=<MulBackward0>)
tensor(0.6517, device='cuda:0')
tensor(3.0250, device='cuda:0', grad_fn=<AddBackward0>)

tensor(0.5075, device='cuda:0')
tensor(0.0909, device='cuda:0', grad_fn=<MulBackward0>)
tensor(0.0019, device='cuda:0', grad_fn=<MeanBackward0>)
tensor(1.8153, device='cuda:0', grad_fn=<MulBackward0>)
tensor(0.6921, device='cuda:0', grad_fn=<MulBackward0>)
tensor(0.5075, device='cuda:0')
tensor(3.1077, device='cuda:0', grad_fn=<AddBackward0>)

tensor(1.5112, device='cuda:0')
tensor(0.0560, device='cuda:0', grad_fn=<MulBackward0>)
tensor(0.0034, device='cuda:0', grad_fn=<MeanBackward0>)
tensor(2.6684, device='cuda:0', grad_fn=<MulBackward0>)
tensor(0.7628, device='cuda:0', grad_fn=<MulBackward0>)
tensor(1.5112, device='cuda:0')
tensor(5.0016, device='cuda:0', grad_fn=<AddBackward0>)

tensor(0.8593, device='cuda:0')
tensor(0.0730, device='cuda:0', grad_fn=<MulBackward0>)
tensor(0.0019, device='cuda:0', grad_fn=<MeanBackward0>)
tensor(1.6104, device='cuda:0', grad_fn=<MulBackward0>)
tensor(0.5713, device='cuda:0', grad_fn=<MulBackward0>)
tensor(0.8593, device='cuda:0')
tensor(3.1159, device='cuda:0', grad_fn=<AddBackward0>)

tensor(1.3215, device='cuda:0')
tensor(0.0568, device='cuda:0', grad_fn=<MulBackward0>)
tensor(0.0013, device='cuda:0', grad_fn=<MeanBackward0>)
tensor(2.1894, device='cuda:0', grad_fn=<MulBackward0>)
tensor(0.5840, device='cuda:0', grad_fn=<MulBackward0>)
tensor(1.3215, device='cuda:0')
tensor(4.1530, device='cuda:0', grad_fn=<AddBackward0>)

tensor(0.1599, device='cuda:0')
tensor(0.0559, device='cuda:0', grad_fn=<MulBackward0>)
tensor(0.0008, device='cuda:0', grad_fn=<MeanBackward0>)
tensor(1.6819, device='cuda:0', grad_fn=<MulBackward0>)
tensor(0.4849, device='cuda:0', grad_fn=<MulBackward0>)
tensor(0.1599, device='cuda:0')
tensor(2.3834, device='cuda:0', grad_fn=<AddBackward0>)

tensor(0.7939, device='cuda:0')
tensor(0.0441, device='cuda:0', grad_fn=<MulBackward0>)
tensor(0.0008, device='cuda:0', grad_fn=<MeanBackward0>)
tensor(2.3393, device='cuda:0', grad_fn=<MulBackward0>)
tensor(0.3374, device='cuda:0', grad_fn=<MulBackward0>)
tensor(0.7939, device='cuda:0')
tensor(3.5153, device='cuda:0', grad_fn=<AddBackward0>)

tensor(0.7306, device='cuda:0')
tensor(0.1262, device='cuda:0', grad_fn=<MulBackward0>)
tensor(0.0011, device='cuda:0', grad_fn=<MeanBackward0>)
tensor(0.9885, device='cuda:0', grad_fn=<MulBackward0>)
tensor(0.7160, device='cuda:0', grad_fn=<MulBackward0>)
tensor(0.7306, device='cuda:0')
tensor(2.5624, device='cuda:0', grad_fn=<AddBackward0>)

tensor(1.0729, device='cuda:0')
tensor(0.0594, device='cuda:0', grad_fn=<MulBackward0>)
tensor(0.0021, device='cuda:0', grad_fn=<MeanBackward0>)
tensor(1.6914, device='cuda:0', grad_fn=<MulBackward0>)
tensor(0.7004, device='cuda:0', grad_fn=<MulBackward0>)
tensor(1.0729, device='cuda:0')
tensor(3.5262, device='cuda:0', grad_fn=<AddBackward0>)

tensor(0.3308, device='cuda:0')
tensor(0.0582, device='cuda:0', grad_fn=<MulBackward0>)
tensor(0.0005, device='cuda:0', grad_fn=<MeanBackward0>)
tensor(2.7390, device='cuda:0', grad_fn=<MulBackward0>)
tensor(0.3062, device='cuda:0', grad_fn=<MulBackward0>)
tensor(0.3308, device='cuda:0')
tensor(3.4348, device='cuda:0', grad_fn=<AddBackward0>)

tensor(1.2331, device='cuda:0')
tensor(0.1918, device='cuda:0', grad_fn=<MulBackward0>)
tensor(0.0012, device='cuda:0', grad_fn=<MeanBackward0>)
tensor(1.5609, device='cuda:0', grad_fn=<MulBackward0>)
tensor(0.1028, device='cuda:0', grad_fn=<MulBackward0>)
tensor(1.2331, device='cuda:0')
tensor(3.0899, device='cuda:0', grad_fn=<AddBackward0>)

