data/test_data/real/761_3_.png
2.0713088512420654
data/test_data/real/132_0_.png
0.03658032417297363
data/test_data/real/661_0_.png
0.001115560531616211
data/test_data/real/159_2_.png
0.0012722015380859375
data/test_data/real/147_2_.png
0.0011065006256103516
data/test_data/real/147_0_.png
0.001055002212524414
data/test_data/real/159_1_.png
0.001300811767578125
data/test_data/real/893_2_.png
0.0010755062103271484
data/test_data/real/126_2_.png
0.0012960433959960938
data/test_data/real/11_2_.png
0.0010693073272705078
data/test_data/real/450_3_.png
0.0012984275817871094
data/test_data/real/744_3_.png
0.0010528564453125
data/test_data/real/142_0_.png
0.0012819766998291016
data/test_data/real/474_3_.png
0.001270294189453125
data/test_data/real/142_3_.png
0.0013041496276855469
data/test_data/real/761_2_.png
0.0011138916015625
data/test_data/real/450_0_.png
0.0014262199401855469
data/test_data/real/126_3_.png
0.0012819766998291016
data/test_data/real/744_2_.png
0.0010821819305419922
data/test_data/real/474_0_.png
0.0012769699096679688
data/test_data/real/512_1_.png
0.0029120445251464844
data/test_data/real/147_3_.png
0.0011165142059326172
data/test_data/real/126_0_.png
0.0013375282287597656
data/test_data/real/132_1_.png
0.0012710094451904297
data/test_data/real/893_0_.png
0.0010836124420166016
data/test_data/real/142_1_.png
0.001306295394897461
data/test_data/real/474_2_.png
0.0013179779052734375
data/test_data/real/142_2_.png
0.0013039112091064453
data/test_data/real/474_1_.png
0.0012772083282470703
data/test_data/real/893_3_.png
0.0010874271392822266
data/test_data/real/761_0_.png
0.0010638236999511719
data/test_data/real/435_0_.png
0.0016591548919677734
data/test_data/real/1021_2_.png
0.0011107921600341797
data/test_data/real/101_2_.png
0.0010581016540527344
data/test_data/real/132_2_.png
0.0012922286987304688
data/test_data/real/761_1_.png
0.0010802745819091797
data/test_data/real/744_1_.png
0.0010418891906738281
data/test_data/real/159_3_.png
0.0012624263763427734
data/test_data/real/661_1_.png
0.001102447509765625
data/test_data/real/132_3_.png
0.0012776851654052734
data/test_data/real/744_0_.png
0.0010879039764404297
data/test_data/real/11_1_.png
0.0010526180267333984
data/test_data/real/512_2_.png
0.0013697147369384766
data/test_data/real/512_0_.png
0.0013651847839355469
data/test_data/real/435_2_.png
0.0014605522155761719
data/test_data/real/1021_1_.png
0.001104593276977539
data/test_data/real/661_2_.png
0.0010650157928466797
data/test_data/real/661_3_.png
0.0010933876037597656
data/test_data/real/1021_0_.png
0.0010693073272705078
data/test_data/real/11_3_.png
0.0010600090026855469
data/test_data/real/159_0_.png
0.0013244152069091797
data/test_data/real/450_2_.png
0.001268148422241211
data/test_data/real/101_1_.png
0.001074075698852539
data/test_data/real/126_1_.png
0.0013308525085449219
data/test_data/real/147_1_.png
0.0010764598846435547
data/test_data/real/101_3_.png
0.001062631607055664
data/test_data/real/893_1_.png
0.0010616779327392578
data/test_data/real/435_1_.png
0.0012733936309814453
data/test_data/real/450_1_.png
0.0013124942779541016
data/test_data/real/11_0_.png
0.001071929931640625
data/test_data/real/435_3_.png
0.0012848377227783203
data/test_data/real/1021_3_.png
0.0010836124420166016
data/test_data/real/101_0_.png
0.001069784164428711
data/test_data/real/512_3_.png
0.0013415813446044922
2.1838955879211426
